[2026-06-13 20:47:31] ============================================================
[2026-06-13 20:47:31] Step 14: Final Summary & Interpretation
[2026-06-13 20:47:31] ============================================================
[2026-06-13 20:47:31] Loaded checkpoints: ['step01', 'step02', 'step03', 'step04', 'step05', 'step07', 'step08', 'step09', 'step10', 'step11', 'step12', 'step13']
[2026-06-13 20:47:31] 
Gate summary saved → /home/preonath/Desktop/Preonath_Project/Zika_Dengue/03_results/FINAL_gate_summary.csv
[2026-06-13 20:47:31] 
============================================================
[2026-06-13 20:47:31] FINAL INTERPRETATION (SOP Phase 12.1)
[2026-06-13 20:47:31] ============================================================
[2026-06-13 20:47:31] 
GATE STATUS SUMMARY:
  G1: BORDERLINE (ZIKV 176 DEGs, threshold 200)
  G2: PASSED     (Fisher p=2.26e-15, FE=18.56×)
  G3: MODERATE   (overall r=0.357; r=0.462 at 48h → PASS)
  G4: NOT PASSED (all 15 genes novel, no overlap with known factors)
  G5: TREND      (nominal signal: hsa-miR-15a-5p p=0.015; CREBRF hub)
  G6: STRONG PASS (ZIKV NPCs p=1.18e-4, 26.7% replication)

STRONGEST SUPPORTED CONCLUSION (Gates G2, G3, G6 passed; G4, G5 not):

"DENV and ZIKV converge on a shared host transcriptomic response in human
hepatoma cells, characterized by 15 novel upregulated genes not previously
described as flavivirus host factors. This convergent response strengthens
over the course of infection (peaking at 48h post-infection, r=0.462) and
partially extends to ZIKV infection of neural progenitor cells, with 4 genes
(CREBRF, INHBE, RND1, TSPYL2) consistently upregulated across both Huh7 and
NPC systems (Fisher p=1.18e-4, FE=14.9×). The convergent response is enriched
for NF-κB/TNF-α/JAK-STAT signaling pathways, consistent with shared innate
immune activation. While formal enrichment for known proviral host factors
(GATE G4) was not achieved — reflecting the novelty of the identified gene set —
targeted miRNA analysis suggests CREBRF as a candidate hub gene regulated by
cross-flavivirus DENV-downregulated miRNAs (10 miRNA binding sites in the 55-set).
These results establish CREBRF, INHBE, RND1, and TSPYL2 as priority candidates
for experimental validation as novel cross-flavivirus host factors."

LIMITATIONS:
  1. Discovery dataset uses Huh7 hepatoma cells (not primary hepatocytes)
  2. ZIKV replication is inefficient in Huh7 (MOI=10 used) vs DENV
  3. G5 miRNA hypothesis shows trend but not formal significance (n=15 genes too small)
  4. GSE78711 uses MR766 ZIKV strain (African lineage, 1947) vs epidemic Asian strain
  5. GSE94892 PBMC replication failed (expected: different cell type)
  6. All findings are computational; experimental validation required

TESTABLE PREDICTIONS:
  1. siRNA knockdown of CREBRF, INHBE, RND1, TSPYL2 should reduce both DENV and ZIKV replication
  2. Transfection of hsa-miR-15a-5p mimics should reduce CREBRF expression and impair ZIKV infection
  3. CREBRF, RND1, TSPYL2 should also be upregulated in DENV infection of NPCs (not tested here)

[2026-06-13 20:47:31] Generating final gate summary figure ...
[2026-06-13 20:47:31] Final summary figure saved → /home/preonath/Desktop/Preonath_Project/Zika_Dengue/04_figures/main/Figure_Final_Summary_Dashboard.png
[2026-06-13 20:47:31] 
============================================================
[2026-06-13 20:47:31] STEP 14 COMPLETE — Full Pipeline Summary
[2026-06-13 20:47:31] ============================================================
[2026-06-13 20:47:31] 
  PHASES COMPLETED:
    Phase 1 (partial): Dataset acquisition (GSE110496 + 3 validation datasets)
    Phase 2: Single-cell QC and normalization
    Phase 3: Pseudobulk DEG analysis (DENV=527, ZIKV=176 DEGs)
    Phase 4: Shared DEG discovery (15 genes) + temporal convergence
    Phase 5: Host factor integration (G4 NOT passed — novel genes)
    Phase 6: miRNA integration (G5 TREND — CREBRF hub)
    Phase 7: Pathway enrichment (NF-kB, TNF-α, JAK-STAT)
    Phase 8: External validation (G6 STRONG PASS — ZIKV NPCs)
    Phase 9: Network analysis (CXCL1 top hub, 2 STRING edges)
    Phase 12: Final interpretation

  PHASES NOT COMPLETED:
    Phase 1.7: multiMiR formal target predictions
    Phase 10: Optional advanced analyses (WGCNA, pseudotime)
    Phase 11: Full figure set (partial — 6 figures generated)

  KEY OUTPUT FILES:
    03_results/FINAL_gate_summary.csv
    03_results/FINAL_key_findings.csv
    04_figures/main/Figure_Final_Summary_Dashboard.png
    04_figures/main/Figure_Temporal_Convergence.png
    04_figures/main/Figure_GATE_G4_Proviral_Enrichment.png
    04_figures/main/Figure_GATE_G5_miRNA_Integration.png
    04_figures/main/Figure_GATE_G6_Validation.png
    04_figures/main/Figure_Network_Analysis.png

