[2026-06-13 21:03:06] ============================================================
[2026-06-13 21:03:06] Step 17: Manuscript Tables (Phase 12)
[2026-06-13 21:03:06] ============================================================
[2026-06-13 21:03:06] Generating Table 1: Dataset summary ...
[2026-06-13 21:03:06]   Saved Table1_Dataset_Summary.csv (4 rows)
[2026-06-13 21:03:06] Generating Table 2: Shared DEG full annotation ...
[2026-06-13 21:03:06]   Saved Table2_Shared_DEGs_Annotated.csv (15 rows × 15 cols)
[2026-06-13 21:03:06] Generating Table 3: Multi-layer intersection ...
[2026-06-13 21:03:06]   Saved Table3_MultiLayer_Intersection.csv
[2026-06-13 21:03:06] Generating Table 4: Convergent pathways ...
[2026-06-13 21:03:06]   Saved Table4_Convergent_Pathways.csv (208 significant pathways)
[2026-06-13 21:03:06]   Saved Supplementary_Tables.xlsx (4 sheets)
[2026-06-13 21:03:06] 
============================================================
[2026-06-13 21:03:06] STEP 17 COMPLETE — Manuscript Tables
[2026-06-13 21:03:06] Output directory: /home/preonath/Desktop/Preonath_Project/Zika_Dengue/05_manuscript_tables
[2026-06-13 21:03:06] Tables generated:
[2026-06-13 21:03:06]   Table1_Dataset_Summary.csv          (4 datasets)
[2026-06-13 21:03:06]   Table2_Shared_DEGs_Annotated.csv    (15 genes × all annotation layers)
[2026-06-13 21:03:06]   Table3_MultiLayer_Intersection.csv  (4-layer evidence scoring)
[2026-06-13 21:03:06]   Table4_Convergent_Pathways.csv      (significant enriched pathways)
[2026-06-13 21:03:06]   Supplementary_Tables.xlsx           (all 4 tables, styled)
