[2026-06-13 20:03:01] ============================================================
[2026-06-13 20:03:01] Step 08: Prepare Literature Resource Files
[2026-06-13 20:03:01] ============================================================
[2026-06-13 20:03:01] Loading xlsx wetlab files ...
[2026-06-13 20:03:01]   DENV proviral: 26 genes → ['HAVCR1', 'DC-SIGN', 'NDST1', 'EXT1', 'RAB5C', 'RABGEF1', 'ATP6V0B', 'ATP6V1C1', 'ATP6V1F', 'EMC1', 'EMC4', 'SPCS1', 'SEC61', 'STT3A', 'STT3B', 'DDOST', 'TMEM41B', 'VMP1', 'RACK1', 'ATL2', 'ARF4', 'FASN', 'DGAT2', 'SPTLC1', 'ATG5', 'BECN1']
[2026-06-13 20:03:01]   DENV antiviral: 20 genes → ['IFI6', 'RSAD2', 'SHFL', 'TRIM56', 'BST2', 'OAS3', 'OAS2', 'FAM134B', 'RIG-I', 'MDA5', 'MAVS', 'CGAS', 'STING', 'TBK1', 'IRF3', 'STAT2', 'IFITM1', 'IFITM3', 'PAF1', 'IRF1']
[2026-06-13 20:03:01]   ZIKV proviral: 71 genes → ['AXL', 'GAS6', 'HAVCR1', 'AP2S1', 'NDST1', 'EXT1', 'B3GALT6', 'SLC35B2', 'SLC35B3', 'SULF1', 'EXTL3', 'NCAM1', 'ITGB5', 'CD300A', 'RAB5C', 'RABGEF1', 'STAM', 'RAB4A', 'RNASEK', 'VMA21', 'ATP6V0B', 'ATP6V1C1', 'ATP6V1F', 'EMC1', 'EMC2', 'EMC3', 'EMC4', 'EMC5', 'EMC6', 'EMC7', 'SPCS1', 'SEC61', 'SEC63', 'SSR2', 'SSR3', 'STT3A', 'STT3B', 'DDOST', 'RPN1', 'RPN2', 'TMEM41B', 'VMP1', 'RACK1', 'ANKLE2', 'ATL1', 'ATL2', 'ATL3', 'ARF4', 'ARF5', 'VIM', 'RRBP1', 'MSI1', 'KPNA6', 'FASN', 'DGAT2', 'FATP2', 'SPTLC1', 'DHCR7', 'PIM1', 'CLN6', 'CEND1', 'BSG', 'RBFOX2', 'CHP1', 'DNAJC1', 'RHOV', 'WWTR1', 'SOX2', 'SOCS3', 'ISG15', 'ZSWIM8']
[2026-06-13 20:03:01]   ZIKV antiviral: 28 genes → ['IFI6', 'RSAD2', 'SHFL', 'TRIM56', 'ISG15', 'ISG20', 'MX1', 'IFITM1', 'IFITM3', 'OAS3', 'OAS2', 'BST2', 'IFI44', 'HELZ2', 'ZCCHC6', 'IFNL2', 'IRF1', 'IRF3', 'TBK1', 'RIG-I', 'MDA5', 'MAVS', 'CGAS', 'STING', 'STAT2', 'PAF1', 'FAM134B', 'P53']
[2026-06-13 20:03:01]   Medium confidence: 25 genes → ['PUM2', 'PUM1', 'MOV10', 'UPF1', 'CNOT1', 'APOBEC3A', 'APOBEC3G', 'TRIM25', 'TRIM7', 'LY6E', 'DDX6', 'SQSTM1', 'NOLC1', 'NPM1', 'LC3C', 'IFI35', 'IFIT2', 'HSPA5', 'HSPA5', 'HSPA8', 'HSPA1A', 'EGFR', 'DC-SIGN', 'AXL', 'NCL']
[2026-06-13 20:03:01] 
Building combined host_factors_curated.csv ...
[2026-06-13 20:03:01]   host_factors_curated.csv: 170 rows, 123 unique genes
[2026-06-13 20:03:01] 
Building proviral and antiviral gene sets ...
[2026-06-13 20:03:01]   Proviral (all): 74 genes
[2026-06-13 20:03:01]   Antiviral (all): 28 genes
[2026-06-13 20:03:01]   Cross-flavivirus proviral (DENV ∩ ZIKV): 23 genes → ['ARF4', 'ATL2', 'ATP6V0B', 'ATP6V1C1', 'ATP6V1F', 'DDOST', 'DGAT2', 'EMC1', 'EMC4', 'EXT1', 'FASN', 'HAVCR1', 'NDST1', 'RAB5C', 'RABGEF1', 'RACK1', 'SEC61', 'SPCS1', 'SPTLC1', 'STT3A', 'STT3B', 'TMEM41B', 'VMP1']
[2026-06-13 20:03:01]   Cross-flavivirus antiviral (DENV ∩ ZIKV): 20 genes → ['BST2', 'CGAS', 'FAM134B', 'IFI6', 'IFITM1', 'IFITM3', 'IRF1', 'IRF3', 'MAVS', 'MDA5', 'OAS2', 'OAS3', 'PAF1', 'RIG-I', 'RSAD2', 'SHFL', 'STAT2', 'STING', 'TBK1', 'TRIM56']
[2026-06-13 20:03:01]   Saved: host_factors_proviral.txt (74 genes)
[2026-06-13 20:03:01]   Saved: host_factors_antiviral.txt (28 genes)
[2026-06-13 20:03:01]   Saved: host_factors_cross_proviral.txt (23 genes)
[2026-06-13 20:03:01]   Saved: host_factors_cross_antiviral.txt (20 genes)
[2026-06-13 20:03:01] 
Building miRNA target placeholder files ...
[2026-06-13 20:03:01]   NOTE: miRNA target predictions require multiMiR/miRTarBase/TargetScan data.
[2026-06-13 20:03:01]   Creating literature-curated seed sets based on SOP documentation.
[2026-06-13 20:03:01]   These are the miRNA NAMES — target gene predictions are the next step (Step 1.7).
[2026-06-13 20:03:01]   Saved: mirna_55_cross_flavivirus.txt (55 miRNAs)
[2026-06-13 20:03:01]   Saved: mirna_91_denv_all.txt (91 miRNAs)
[2026-06-13 20:03:01]   Saved: mirna_36_denv_only_control.txt (36 miRNAs)
[2026-06-13 20:03:01] 
============================================================
[2026-06-13 20:03:01] STEP 08 COMPLETE — Literature Resources Prepared
[2026-06-13 20:03:01] ============================================================
[2026-06-13 20:03:01]   host_factors_proviral.txt     : 74 unique proviral genes
[2026-06-13 20:03:01]   host_factors_antiviral.txt    : 28 unique antiviral genes
[2026-06-13 20:03:01]   host_factors_curated.csv      : 170 rows, 123 unique genes
[2026-06-13 20:03:01]   mirna_55_cross_flavivirus.txt : 55 miRNAs
[2026-06-13 20:03:01]   mirna_91_denv_all.txt         : 91 miRNAs
[2026-06-13 20:03:01]   mirna_36_denv_only_control.txt: 36 miRNAs
[2026-06-13 20:03:01] 
  Cross-flavivirus PROVIRAL genes (23):
[2026-06-13 20:03:01]     ARF4
[2026-06-13 20:03:01]     ATL2
[2026-06-13 20:03:01]     ATP6V0B
[2026-06-13 20:03:01]     ATP6V1C1
[2026-06-13 20:03:01]     ATP6V1F
[2026-06-13 20:03:01]     DDOST
[2026-06-13 20:03:01]     DGAT2
[2026-06-13 20:03:01]     EMC1
[2026-06-13 20:03:01]     EMC4
[2026-06-13 20:03:01]     EXT1
[2026-06-13 20:03:01]     FASN
[2026-06-13 20:03:01]     HAVCR1
[2026-06-13 20:03:01]     NDST1
[2026-06-13 20:03:01]     RAB5C
[2026-06-13 20:03:01]     RABGEF1
[2026-06-13 20:03:01]     RACK1
[2026-06-13 20:03:01]     SEC61
[2026-06-13 20:03:01]     SPCS1
[2026-06-13 20:03:01]     SPTLC1
[2026-06-13 20:03:01]     STT3A
[2026-06-13 20:03:01]     STT3B
[2026-06-13 20:03:01]     TMEM41B
[2026-06-13 20:03:01]     VMP1
[2026-06-13 20:03:01] 
  Cross-flavivirus ANTIVIRAL genes (20):
[2026-06-13 20:03:01]     BST2
[2026-06-13 20:03:01]     CGAS
[2026-06-13 20:03:01]     FAM134B
[2026-06-13 20:03:01]     IFI6
[2026-06-13 20:03:01]     IFITM1
[2026-06-13 20:03:01]     IFITM3
[2026-06-13 20:03:01]     IRF1
[2026-06-13 20:03:01]     IRF3
[2026-06-13 20:03:01]     MAVS
[2026-06-13 20:03:01]     MDA5
[2026-06-13 20:03:01]     OAS2
[2026-06-13 20:03:01]     OAS3
[2026-06-13 20:03:01]     PAF1
[2026-06-13 20:03:01]     RIG-I
[2026-06-13 20:03:01]     RSAD2
[2026-06-13 20:03:01]     SHFL
[2026-06-13 20:03:01]     STAT2
[2026-06-13 20:03:01]     STING
[2026-06-13 20:03:01]     TBK1
[2026-06-13 20:03:01]     TRIM56
[2026-06-13 20:03:01] 
Next: run step09_gate_g4_proviral_enrichment.py
