[2026-06-13 19:59:35] ============================================================
[2026-06-13 19:59:35] Step 07: Temporal Convergence Trajectory
[2026-06-13 19:59:35] ============================================================
[2026-06-13 19:59:35] Loading raw AnnData ...
[2026-06-13 20:01:05] ============================================================
[2026-06-13 20:01:05] Step 07: Temporal Convergence Trajectory (Phase 4, Step 4.4)
[2026-06-13 20:01:05] ============================================================
[2026-06-13 20:01:05] Loading pseudobulk counts matrix ...
[2026-06-13 20:01:05]   Shape: 60721 genes × 12 samples
[2026-06-13 20:01:05]   Columns: ['Control_4h', 'Control_12h', 'Control_24h', 'Control_48h', 'DENV_4h', 'DENV_12h', 'DENV_24h', 'DENV_48h', 'ZIKV_4h', 'ZIKV_12h', 'ZIKV_24h', 'ZIKV_48h']
[2026-06-13 20:01:05]   Normalized to CPM
[2026-06-13 20:01:05]   Genes after CPM>1 filter: 12268
[2026-06-13 20:01:05]   Shared DEGs loaded: 0 genes
[2026-06-13 20:01:05] 
Computing log2FC (DENV/Control) and (ZIKV/Control) per timepoint ...
[2026-06-13 20:01:05]   4h: r=0.0547 (p=1.38e-09)  Spearman_r=0.0294  n=12268  concordant_up=129  concordant_dn=280  discordant=197  r_shared=nan
[2026-06-13 20:01:06]   12h: r=-0.1613 (p=2.56e-72)  Spearman_r=-0.1616  n=12268  concordant_up=133  concordant_dn=120  discordant=568  r_shared=nan
[2026-06-13 20:01:06]   24h: r=0.1140 (p=9.11e-37)  Spearman_r=0.0848  n=12268  concordant_up=285  concordant_dn=225  discordant=260  r_shared=nan
[2026-06-13 20:01:06]   48h: r=0.4624 (p=0.00e+00)  Spearman_r=0.4056  n=12268  concordant_up=967  concordant_dn=1285  discordant=432  r_shared=nan
[2026-06-13 20:01:06] 
Summary saved → /home/preonath/Desktop/Preonath_Project/Zika_Dengue/03_results/phase4_temporal/temporal_convergence_summary.csv
[2026-06-13 20:01:06] 
Generating figures ...
[2026-06-13 20:01:06] Figure saved → /home/preonath/Desktop/Preonath_Project/Zika_Dengue/04_figures/main/Figure_Temporal_Convergence.png
[2026-06-13 20:01:06] 
============================================================
[2026-06-13 20:01:06] STEP 07 COMPLETE — Temporal Convergence Summary
[2026-06-13 20:01:06] ============================================================
[2026-06-13 20:01:06] Timepoint   Pearson r   Spearman r   Conc.UP   Conc.DN    G3 Status
[2026-06-13 20:01:06] -----------------------------------------------------------------
[2026-06-13 20:01:06]   4h           0.0547       0.0294       129       280         WEAK
[2026-06-13 20:01:06]   12h         -0.1613      -0.1616       133       120         WEAK
[2026-06-13 20:01:06]   24h          0.1140       0.0848       285       225         WEAK
[2026-06-13 20:01:06]   48h          0.4624       0.4056       967      1285         PASS
[2026-06-13 20:01:06] 
Peak convergence: r = 0.4624 at 48h
[2026-06-13 20:01:06] Overall (all timepoints collapsed, from Step 03): r = 0.3569
[2026-06-13 20:01:06] 
Next: run step08_prepare_literature_resources.py
[2026-06-19 14:11:20] ============================================================
[2026-06-19 14:11:20] Step 07: Temporal Convergence Trajectory (Phase 4, Step 4.4)
[2026-06-19 14:11:20] ============================================================
[2026-06-19 14:11:20] Loading pseudobulk counts matrix ...
[2026-06-19 14:11:20]   Shape: 60721 genes × 12 samples
[2026-06-19 14:11:20]   Columns: ['Control_4h', 'Control_12h', 'Control_24h', 'Control_48h', 'DENV_4h', 'DENV_12h', 'DENV_24h', 'DENV_48h', 'ZIKV_4h', 'ZIKV_12h', 'ZIKV_24h', 'ZIKV_48h']
[2026-06-19 14:11:20]   Normalized to CPM
[2026-06-19 14:11:20]   Genes after CPM>1 filter: 12268
[2026-06-19 14:11:20]   Shared DEGs loaded: 0 genes
[2026-06-19 14:11:20] 
Computing log2FC (DENV/Control) and (ZIKV/Control) per timepoint ...
[2026-06-19 14:11:20]   4h: r=0.0547 (p=1.38e-09)  Spearman_r=0.0294  n=12268  concordant_up=129  concordant_dn=280  discordant=197  r_shared=nan
[2026-06-19 14:11:20]   12h: r=-0.1613 (p=2.56e-72)  Spearman_r=-0.1616  n=12268  concordant_up=133  concordant_dn=120  discordant=568  r_shared=nan
[2026-06-19 14:11:20]   24h: r=0.1140 (p=9.11e-37)  Spearman_r=0.0848  n=12268  concordant_up=285  concordant_dn=225  discordant=260  r_shared=nan
[2026-06-19 14:11:20]   48h: r=0.4624 (p=0.00e+00)  Spearman_r=0.4056  n=12268  concordant_up=967  concordant_dn=1285  discordant=432  r_shared=nan
[2026-06-19 14:11:20] 
Summary saved → /home/preonath/Desktop/Preonath_Project/Zika_Dengue/03_results/phase4_temporal/temporal_convergence_summary.csv
[2026-06-19 14:11:20] 
Generating figures ...
[2026-06-19 14:11:20] Figure saved → /home/preonath/Desktop/Preonath_Project/Zika_Dengue/04_figures/main/Figure_Temporal_Convergence.png
[2026-06-19 14:11:20] 
============================================================
[2026-06-19 14:11:20] STEP 07 COMPLETE — Temporal Convergence Summary
[2026-06-19 14:11:20] ============================================================
[2026-06-19 14:11:20] Timepoint   Pearson r   Spearman r   Conc.UP   Conc.DN    G3 Status
[2026-06-19 14:11:20] -----------------------------------------------------------------
[2026-06-19 14:11:20]   4h           0.0547       0.0294       129       280         WEAK
[2026-06-19 14:11:20]   12h         -0.1613      -0.1616       133       120         WEAK
[2026-06-19 14:11:20]   24h          0.1140       0.0848       285       225         WEAK
[2026-06-19 14:11:20]   48h          0.4624       0.4056       967      1285         PASS
[2026-06-19 14:11:20] 
Peak convergence: r = 0.4624 at 48h
[2026-06-19 14:11:20] Overall (all timepoints collapsed, from Step 03): r = 0.3569
[2026-06-19 14:11:20] 
Next: run step08_prepare_literature_resources.py
[2026-06-19 14:11:20] ============================================================
[2026-06-19 14:11:20] Step 07: Temporal Convergence Trajectory (Phase 4, Step 4.4)
[2026-06-19 14:11:20] ============================================================
[2026-06-19 14:11:20] Loading pseudobulk counts matrix ...
[2026-06-19 14:11:20]   Shape: 60721 genes × 12 samples
[2026-06-19 14:11:20]   Columns: ['Control_4h', 'Control_12h', 'Control_24h', 'Control_48h', 'DENV_4h', 'DENV_12h', 'DENV_24h', 'DENV_48h', 'ZIKV_4h', 'ZIKV_12h', 'ZIKV_24h', 'ZIKV_48h']
[2026-06-19 14:11:20]   Normalized to CPM
[2026-06-19 14:11:20]   Genes after CPM>1 filter: 12268
[2026-06-19 14:11:20]   Shared DEGs loaded: 0 genes
[2026-06-19 14:11:20] 
Computing log2FC (DENV/Control) and (ZIKV/Control) per timepoint ...
[2026-06-19 14:11:20]   4h: r=0.0547 (p=1.38e-09)  Spearman_r=0.0294  n=12268  concordant_up=129  concordant_dn=280  discordant=197  r_shared=nan
[2026-06-19 14:11:20]   12h: r=-0.1613 (p=2.56e-72)  Spearman_r=-0.1616  n=12268  concordant_up=133  concordant_dn=120  discordant=568  r_shared=nan
[2026-06-19 14:11:21]   24h: r=0.1140 (p=9.11e-37)  Spearman_r=0.0848  n=12268  concordant_up=285  concordant_dn=225  discordant=260  r_shared=nan
[2026-06-19 14:11:21]   48h: r=0.4624 (p=0.00e+00)  Spearman_r=0.4056  n=12268  concordant_up=967  concordant_dn=1285  discordant=432  r_shared=nan
[2026-06-19 14:11:21] 
Summary saved → /home/preonath/Desktop/Preonath_Project/Zika_Dengue/03_results/phase4_temporal/temporal_convergence_summary.csv
[2026-06-19 14:11:21] 
Generating figures ...
[2026-06-19 14:11:21] Figure saved → /home/preonath/Desktop/Preonath_Project/Zika_Dengue/04_figures/main/Figure_Temporal_Convergence.png
[2026-06-19 14:11:21] 
============================================================
[2026-06-19 14:11:21] STEP 07 COMPLETE — Temporal Convergence Summary
[2026-06-19 14:11:21] ============================================================
[2026-06-19 14:11:21] Timepoint   Pearson r   Spearman r   Conc.UP   Conc.DN    G3 Status
[2026-06-19 14:11:21] -----------------------------------------------------------------
[2026-06-19 14:11:21]   4h           0.0547       0.0294       129       280         WEAK
[2026-06-19 14:11:21]   12h         -0.1613      -0.1616       133       120         WEAK
[2026-06-19 14:11:21]   24h          0.1140       0.0848       285       225         WEAK
[2026-06-19 14:11:21]   48h          0.4624       0.4056       967      1285         PASS
[2026-06-19 14:11:21] 
Peak convergence: r = 0.4624 at 48h
[2026-06-19 14:11:21] Overall (all timepoints collapsed, from Step 03): r = 0.3569
[2026-06-19 14:11:21] 
Next: run step08_prepare_literature_resources.py
