[2026-06-13 20:04:19] ============================================================
[2026-06-13 20:04:19] Step 09: GATE G4 — Proviral Enrichment Fisher Test
[2026-06-13 20:04:19] ============================================================
[2026-06-13 20:04:19] Loading shared DEGs ...
[2026-06-13 20:04:19]   Shared all: 15 genes
[2026-06-13 20:04:19]   Shared up:  15 genes → ['BIRC3', 'SIRT4', 'VNN3P', 'PLA2G4C', 'LPXN', 'TSPAN1', 'DUSP1', 'INHBE', 'CFAP251', 'CD200R1', 'CXCL1', 'CREBRF', 'RND1', 'TSPYL2', 'CCL4']
[2026-06-13 20:04:19]   Shared down:0 genes
[2026-06-13 20:04:19] Loading background gene set ...
[2026-06-13 20:04:19]   Background: 22384 genes
[2026-06-13 20:04:19] Loading host factor sets ...
[2026-06-13 20:04:19]   Proviral (all): 74 genes
[2026-06-13 20:04:19]   Antiviral (all): 28 genes
[2026-06-13 20:04:19]   Cross-flavivirus proviral: 23 genes
[2026-06-13 20:04:19]   Cross-flavivirus antiviral: 20 genes
[2026-06-13 20:04:19] 
Running Fisher exact tests (GATE G4) ...
[2026-06-13 20:04:19] 
  [shared_up_vs_proviral_all]
[2026-06-13 20:04:19]     Overlap (a): 0 | Not in set (b): 15
[2026-06-13 20:04:19]     Background in set (c): 67 | Neither (d): 22302
[2026-06-13 20:04:19]     Expected overlap: 0.0
[2026-06-13 20:04:19]     Odds ratio: 0.0  Fold enrichment: 0.0x
[2026-06-13 20:04:19]     Fisher p = 1.0000e+00  ns
[2026-06-13 20:04:19] 
  [shared_up_vs_antiviral_all]
[2026-06-13 20:04:19]     Overlap (a): 0 | Not in set (b): 15
[2026-06-13 20:04:19]     Background in set (c): 19 | Neither (d): 22350
[2026-06-13 20:04:19]     Expected overlap: 0.0
[2026-06-13 20:04:19]     Odds ratio: 0.0  Fold enrichment: 0.0x
[2026-06-13 20:04:19]     Fisher p = 1.0000e+00  ns
[2026-06-13 20:04:19] 
  [shared_up_vs_cross_proviral]
[2026-06-13 20:04:19]     Overlap (a): 0 | Not in set (b): 15
[2026-06-13 20:04:19]     Background in set (c): 22 | Neither (d): 22347
[2026-06-13 20:04:19]     Expected overlap: 0.0
[2026-06-13 20:04:19]     Odds ratio: 0.0  Fold enrichment: 0.0x
[2026-06-13 20:04:19]     Fisher p = 1.0000e+00  ns
[2026-06-13 20:04:19] 
  [shared_up_vs_cross_antiviral]
[2026-06-13 20:04:19]     Overlap (a): 0 | Not in set (b): 15
[2026-06-13 20:04:19]     Background in set (c): 15 | Neither (d): 22354
[2026-06-13 20:04:19]     Expected overlap: 0.0
[2026-06-13 20:04:19]     Odds ratio: 0.0  Fold enrichment: 0.0x
[2026-06-13 20:04:19]     Fisher p = 1.0000e+00  ns
[2026-06-13 20:04:19] 
  [shared_all_vs_proviral_all]
[2026-06-13 20:04:19]     Overlap (a): 0 | Not in set (b): 15
[2026-06-13 20:04:19]     Background in set (c): 67 | Neither (d): 22302
[2026-06-13 20:04:19]     Expected overlap: 0.0
[2026-06-13 20:04:19]     Odds ratio: 0.0  Fold enrichment: 0.0x
[2026-06-13 20:04:19]     Fisher p = 1.0000e+00  ns
[2026-06-13 20:04:19] 
  [shared_all_vs_antiviral_all]
[2026-06-13 20:04:19]     Overlap (a): 0 | Not in set (b): 15
[2026-06-13 20:04:19]     Background in set (c): 19 | Neither (d): 22350
[2026-06-13 20:04:19]     Expected overlap: 0.0
[2026-06-13 20:04:19]     Odds ratio: 0.0  Fold enrichment: 0.0x
[2026-06-13 20:04:19]     Fisher p = 1.0000e+00  ns
[2026-06-13 20:04:19] 
Annotating shared DEGs with proviral/antiviral classifications ...
[2026-06-13 20:04:19]   Saved: shared_DEGs_hostfactor_annotated.csv
[2026-06-13 20:04:19]   Novel: 15
[2026-06-13 20:04:19]   Proviral: 0
[2026-06-13 20:04:19]   Antiviral: 0
[2026-06-13 20:04:19] 
GATE G4 results saved → /home/preonath/Desktop/Preonath_Project/Zika_Dengue/03_results/phase5_host_factors/gate_g4_results.csv
[2026-06-13 20:04:19] 
Generating GATE G4 figure ...
[2026-06-13 20:04:20] Figure saved → /home/preonath/Desktop/Preonath_Project/Zika_Dengue/04_figures/main/Figure_GATE_G4_Proviral_Enrichment.png
[2026-06-13 20:04:20] 
============================================================
[2026-06-13 20:04:20] GATE G4 DECISION
[2026-06-13 20:04:20] ============================================================
[2026-06-13 20:04:20]   Proviral enrichment p = 1.0000e+00  (threshold: p < 0.05)
[2026-06-13 20:04:20]   Antiviral enrichment p = 1.0000e+00  (threshold: p < 0.05)
[2026-06-13 20:04:20]   Cross-proviral enrichment p = 1.0000e+00  (threshold: p < 0.05)
[2026-06-13 20:04:20]   GATE G4 STATUS: NOT PASSED — No significant host factor enrichment
[2026-06-13 20:04:20]   → The 15 shared genes are novel candidates outside known factor lists
[2026-06-13 20:04:20]   → Per SOP: proceed but note G4 status; miRNA integration still warranted
[2026-06-13 20:04:20] 
Next: run step10_gate_g5_mirna_integration.py
