[2026-06-13 02:42:09] ============================================================
[2026-06-13 02:42:09] Step 03b: Fair DEG comparison — DENV MOI=1 vs ZIKV MOI=1
[2026-06-13 02:42:09] ============================================================
[2026-06-13 02:42:09] Building pseudobulk — MOI=1 only (fair comparison) ...
[2026-06-13 02:42:09]   Cells after MOI filter: 1603
[2026-06-13 02:42:09]   Condition breakdown: {'Control': 699, 'DENV': 457, 'ZIKV': 447}
[2026-06-13 02:42:09]   Control_4h: 164 cells, total counts = 115,418,280
[2026-06-13 02:42:09]   Control_12h: 176 cells, total counts = 93,856,880
[2026-06-13 02:42:09]   Control_24h: 177 cells, total counts = 66,293,964
[2026-06-13 02:42:09]   Control_48h: 182 cells, total counts = 65,206,192
[2026-06-13 02:42:09]   DENV_4h: 108 cells, total counts = 88,598,672
[2026-06-13 02:42:09]   DENV_12h: 108 cells, total counts = 51,689,472
[2026-06-13 02:42:09]   DENV_24h: 120 cells, total counts = 19,953,532
[2026-06-13 02:42:09]   DENV_48h: 121 cells, total counts = 59,180,168
[2026-06-13 02:42:09]   ZIKV_4h: 100 cells, total counts = 55,463,736
[2026-06-13 02:42:09]   ZIKV_12h: 110 cells, total counts = 93,934,600
[2026-06-13 02:42:09]   ZIKV_24h: 117 cells, total counts = 70,891,672
[2026-06-13 02:42:09]   ZIKV_48h: 120 cells, total counts = 55,736,360
[2026-06-13 02:42:10] 
            condition timepoint  n_cells
sample                                  
Control_4h    Control        4h      164
Control_12h   Control       12h      176
Control_24h   Control       24h      177
Control_48h   Control       48h      182
DENV_4h          DENV        4h      108
DENV_12h         DENV       12h      108
DENV_24h         DENV       24h      120
DENV_48h         DENV       48h      121
ZIKV_4h          ZIKV        4h      100
ZIKV_12h         ZIKV       12h      110
ZIKV_24h         ZIKV       24h      117
ZIKV_48h         ZIKV       48h      120

[2026-06-13 02:42:10] 
Running DESeq2: DENV MOI=1 vs Control ...
[2026-06-13 02:42:10]   Samples: 8, Genes: 25121
[2026-06-13 02:42:22]   Significant DEGs: 193
[2026-06-13 02:42:22] 
Classifying DEGs ...
[2026-06-13 02:42:22]   DENV MOI=1 — Up: 100, Down: 93, Total: 193
[2026-06-13 02:42:22]   ZIKV MOI=1 — Up: 66, Down: 110, Total: 176
[2026-06-13 02:42:22] 
  [FAIR MOI=1] Shared up: 6, Shared down: 0
[2026-06-13 02:42:22]   [FAIR MOI=1] Discordant: 22
[2026-06-13 02:42:22]   [FAIR MOI=1] Fisher p: 3.37e-07, Fold enrichment: 21.79x
[2026-06-13 02:42:22]   [Fair MOI=1] Pearson r = 0.3402, p = 0.00e+00
[2026-06-13 02:42:23]   DENV Original — Up: 300, Down: 227, Total: 527
[2026-06-13 02:42:23] 
Generating comparison figure: Original vs Fair (MOI=1) ...
[2026-06-13 02:42:23]   Comparison figure saved
[2026-06-13 02:42:23] Generating heatmap for Fair MOI=1 ...
[2026-06-13 02:42:23]   Heatmap saved → SharedGenes_Heatmap_Fair_MOI=1
[2026-06-13 02:42:23] 
============================================================
[2026-06-13 02:42:23] FAIR COMPARISON — Shared upregulated genes:
[2026-06-13 02:42:23] ============================================================
[2026-06-13 02:42:23]   VNN3P          FC_DENV=+2.20  FC_ZIKV=+2.50  vanin 3, pseudogene
[2026-06-13 02:42:23]   INHBE          FC_DENV=+2.15  FC_ZIKV=+1.73  inhibin subunit beta E
[2026-06-13 02:42:23]   TSPYL2         FC_DENV=+1.84  FC_ZIKV=+1.11  TSPY like 2
[2026-06-13 02:42:23]   LPXN           FC_DENV=+1.58  FC_ZIKV=+1.94  leupaxin
[2026-06-13 02:42:23]   RND1           FC_DENV=+1.51  FC_ZIKV=+1.90  Rho family GTPase 1
[2026-06-13 02:42:23]   ISL2           FC_DENV=+1.10  FC_ZIKV=+1.22  ISL LIM homeobox 2
[2026-06-13 02:42:23] 
============================================================
[2026-06-13 02:42:23] STEP 03b COMPLETE — Original vs Fair Comparison:
[2026-06-13 02:42:23] Metric                     Original (MOI=1+10)    Fair (MOI=1)
[2026-06-13 02:42:23] --------------------------------------------------------------
[2026-06-13 02:42:23] DENV DEGs                                  527             193
[2026-06-13 02:42:23] ZIKV DEGs                                  176             176
[2026-06-13 02:42:23] Shared Up                                   15               6
[2026-06-13 02:42:23] Shared Down                                  0               0
[2026-06-13 02:42:23] Pearson r                               0.3569          0.3402
[2026-06-13 02:42:23] Fold enrichment                          18.56           21.79
[2026-06-13 02:42:23] ==============================================================
[2026-06-13 02:42:23] → MOI correction did not change signal — original results are valid
[2026-06-13 02:42:23] 
Next: run step05_pathway_enrichment.py
[2026-06-19 14:07:32] ============================================================
[2026-06-19 14:07:32] Step 03b: Fair DEG comparison — DENV MOI=1 vs ZIKV MOI=1
[2026-06-19 14:07:32] ============================================================
[2026-06-19 14:07:32] ✓ MOI=1 pseudobulk already built
[2026-06-19 14:07:32] ✓ DENV MOI=1 DEGs already computed
[2026-06-19 14:07:32] 
Classifying DEGs ...
[2026-06-19 14:07:32]   DENV MOI=1 — Up: 100, Down: 93, Total: 193
[2026-06-19 14:07:32]   ZIKV MOI=1 — Up: 66, Down: 110, Total: 176
[2026-06-19 14:07:33] 
  [FAIR MOI=1] Shared up: 6, Shared down: 0
[2026-06-19 14:07:33]   [FAIR MOI=1] Discordant: 22
[2026-06-19 14:07:33]   [FAIR MOI=1] Fisher p: 3.37e-07, Fold enrichment: 21.79x
[2026-06-19 14:07:33] ✓ FC correlation done — Pearson r (fair) = 0.3402
[2026-06-19 14:07:33]   DENV Original — Up: 300, Down: 227, Total: 527
[2026-06-19 14:07:33] 
============================================================
[2026-06-19 14:07:33] FAIR COMPARISON — Shared upregulated genes:
[2026-06-19 14:07:33] ============================================================
[2026-06-19 14:07:33]   VNN3P          FC_DENV=+2.20  FC_ZIKV=+2.50  vanin 3, pseudogene
[2026-06-19 14:07:33]   INHBE          FC_DENV=+2.15  FC_ZIKV=+1.73  inhibin subunit beta E
[2026-06-19 14:07:33]   TSPYL2         FC_DENV=+1.84  FC_ZIKV=+1.11  TSPY like 2
[2026-06-19 14:07:33]   LPXN           FC_DENV=+1.58  FC_ZIKV=+1.94  leupaxin
[2026-06-19 14:07:33]   RND1           FC_DENV=+1.51  FC_ZIKV=+1.90  Rho family GTPase 1
[2026-06-19 14:07:33]   ISL2           FC_DENV=+1.10  FC_ZIKV=+1.22  ISL LIM homeobox 2
[2026-06-19 14:07:33] 
============================================================
[2026-06-19 14:07:33] STEP 03b COMPLETE — Original vs Fair Comparison:
[2026-06-19 14:07:33] Metric                     Original (MOI=1+10)    Fair (MOI=1)
[2026-06-19 14:07:33] --------------------------------------------------------------
[2026-06-19 14:07:33] DENV DEGs                                  527             193
[2026-06-19 14:07:33] ZIKV DEGs                                  176             176
[2026-06-19 14:07:33] Shared Up                                   15               6
[2026-06-19 14:07:33] Shared Down                                  0               0
[2026-06-19 14:07:33] Pearson r                               0.3569          0.3402
[2026-06-19 14:07:33] Fold enrichment                          18.56           21.79
[2026-06-19 14:07:33] ==============================================================
[2026-06-19 14:07:33] → MOI correction did not change signal — original results are valid
[2026-06-19 14:07:33] 
Next: run step05_pathway_enrichment.py
[2026-06-19 14:07:33] ============================================================
[2026-06-19 14:07:33] Step 03b: Fair DEG comparison — DENV MOI=1 vs ZIKV MOI=1
[2026-06-19 14:07:33] ============================================================
[2026-06-19 14:07:33] ✓ MOI=1 pseudobulk already built
[2026-06-19 14:07:33] ✓ DENV MOI=1 DEGs already computed
[2026-06-19 14:07:33] 
Classifying DEGs ...
[2026-06-19 14:07:33]   DENV MOI=1 — Up: 100, Down: 93, Total: 193
[2026-06-19 14:07:33]   ZIKV MOI=1 — Up: 66, Down: 110, Total: 176
[2026-06-19 14:07:33] 
  [FAIR MOI=1] Shared up: 6, Shared down: 0
[2026-06-19 14:07:33]   [FAIR MOI=1] Discordant: 22
[2026-06-19 14:07:33]   [FAIR MOI=1] Fisher p: 3.37e-07, Fold enrichment: 21.79x
[2026-06-19 14:07:33] ✓ FC correlation done — Pearson r (fair) = 0.3402
[2026-06-19 14:07:33]   DENV Original — Up: 300, Down: 227, Total: 527
[2026-06-19 14:07:33] 
============================================================
[2026-06-19 14:07:33] FAIR COMPARISON — Shared upregulated genes:
[2026-06-19 14:07:33] ============================================================
[2026-06-19 14:07:33]   VNN3P          FC_DENV=+2.20  FC_ZIKV=+2.50  vanin 3, pseudogene
[2026-06-19 14:07:33]   INHBE          FC_DENV=+2.15  FC_ZIKV=+1.73  inhibin subunit beta E
[2026-06-19 14:07:33]   TSPYL2         FC_DENV=+1.84  FC_ZIKV=+1.11  TSPY like 2
[2026-06-19 14:07:33]   LPXN           FC_DENV=+1.58  FC_ZIKV=+1.94  leupaxin
[2026-06-19 14:07:33]   RND1           FC_DENV=+1.51  FC_ZIKV=+1.90  Rho family GTPase 1
[2026-06-19 14:07:33]   ISL2           FC_DENV=+1.10  FC_ZIKV=+1.22  ISL LIM homeobox 2
[2026-06-19 14:07:33] 
============================================================
[2026-06-19 14:07:33] STEP 03b COMPLETE — Original vs Fair Comparison:
[2026-06-19 14:07:33] Metric                     Original (MOI=1+10)    Fair (MOI=1)
[2026-06-19 14:07:33] --------------------------------------------------------------
[2026-06-19 14:07:33] DENV DEGs                                  527             193
[2026-06-19 14:07:33] ZIKV DEGs                                  176             176
[2026-06-19 14:07:33] Shared Up                                   15               6
[2026-06-19 14:07:33] Shared Down                                  0               0
[2026-06-19 14:07:33] Pearson r                               0.3569          0.3402
[2026-06-19 14:07:33] Fold enrichment                          18.56           21.79
[2026-06-19 14:07:33] ==============================================================
[2026-06-19 14:07:33] → MOI correction did not change signal — original results are valid
[2026-06-19 14:07:33] 
Next: run step05_pathway_enrichment.py
