[2026-06-13 19:35:50] ============================================================
[2026-06-13 19:35:50] Step 05: Pathway Enrichment Analysis (Enrichr)
[2026-06-13 19:35:50] ============================================================
[2026-06-13 19:35:50] DENV annotated DEGs  : 527
[2026-06-13 19:35:50] ZIKV annotated DEGs  : 176
[2026-06-13 19:35:50] Shared upregulated   : 15
[2026-06-13 19:35:50] 
Gene list sizes:
[2026-06-13 19:35:50]   DENV up=282  dn=216  all=498
[2026-06-13 19:35:50]   ZIKV up=64  dn=106  all=170
[2026-06-13 19:35:50]   Shared up=15
[2026-06-13 19:35:50] 
── A: Running Enrichr ──────────────────────────────────────────
[2026-06-13 19:35:50] 
  Running Enrichr for DENV_up (282 genes) ...
[2026-06-13 19:35:54]   → DENV_up/GO_BP: 1367 terms returned
[2026-06-13 19:35:57]   → DENV_up/GO_MF: 245 terms returned
[2026-06-13 19:36:00]   → DENV_up/GO_CC: 146 terms returned
[2026-06-13 19:36:03]   → DENV_up/KEGG: 192 terms returned
[2026-06-13 19:36:06]   → DENV_up/Reactome: 537 terms returned
[2026-06-13 19:36:09]   → DENV_up/Hallmarks: 40 terms returned
[2026-06-13 19:36:10]   Combined enrichment table → enrichment_all_DENV_up.csv
[2026-06-13 19:36:10] 
  Running Enrichr for DENV_down (216 genes) ...
[2026-06-13 19:36:13]   → DENV_down/GO_BP: 1103 terms returned
[2026-06-13 19:36:20]   → DENV_down/GO_MF: 223 terms returned
[2026-06-13 19:36:22]   → DENV_down/GO_CC: 116 terms returned
[2026-06-13 19:36:25]   → DENV_down/KEGG: 176 terms returned
[2026-06-13 19:36:28]   → DENV_down/Reactome: 682 terms returned
[2026-06-13 19:36:31]   → DENV_down/Hallmarks: 42 terms returned
[2026-06-13 19:36:31]   Combined enrichment table → enrichment_all_DENV_down.csv
[2026-06-13 19:36:31] 
  Running Enrichr for ZIKV_up (64 genes) ...
[2026-06-13 19:36:34]   → ZIKV_up/GO_BP: 725 terms returned
[2026-06-13 19:36:37]   → ZIKV_up/GO_MF: 110 terms returned
[2026-06-13 19:36:40]   → ZIKV_up/GO_CC: 80 terms returned
[2026-06-13 19:36:43]   → ZIKV_up/KEGG: 131 terms returned
[2026-06-13 19:36:47]   → ZIKV_up/Reactome: 270 terms returned
[2026-06-13 19:36:51]   → ZIKV_up/Hallmarks: 26 terms returned
[2026-06-13 19:36:51]   Combined enrichment table → enrichment_all_ZIKV_up.csv
[2026-06-13 19:36:51] 
  Running Enrichr for ZIKV_down (106 genes) ...
[2026-06-13 19:36:57]   → ZIKV_down/GO_BP: 692 terms returned
[2026-06-13 19:37:00]   → ZIKV_down/GO_MF: 147 terms returned
[2026-06-13 19:37:07]   → ZIKV_down/GO_CC: 79 terms returned
[2026-06-13 19:37:10]   → ZIKV_down/KEGG: 101 terms returned
[2026-06-13 19:37:13]   → ZIKV_down/Reactome: 464 terms returned
[2026-06-13 19:37:15]   → ZIKV_down/Hallmarks: 31 terms returned
[2026-06-13 19:37:16]   Combined enrichment table → enrichment_all_ZIKV_down.csv
[2026-06-13 19:37:16] 
  Running Enrichr for shared_up (15 genes) ...
[2026-06-13 19:37:18]   → shared_up/GO_BP: 205 terms returned
[2026-06-13 19:37:21]   → shared_up/GO_MF: 42 terms returned
[2026-06-13 19:37:23]   → shared_up/GO_CC: 29 terms returned
[2026-06-13 19:37:26]   → shared_up/KEGG: 54 terms returned
[2026-06-13 19:37:29]   → shared_up/Reactome: 81 terms returned
[2026-06-13 19:37:32]   → shared_up/Hallmarks: 11 terms returned
[2026-06-13 19:37:32]   Combined enrichment table → enrichment_all_shared_up.csv
[2026-06-13 19:37:32] 
── B: Bar plots ────────────────────────────────────────────────
[2026-06-13 19:37:32]     Bar plot → barplot_DENV_up_GO_BP
[2026-06-13 19:37:32]     ! No significant terms for Denv Up — GO_MF
[2026-06-13 19:37:32]     ! No significant terms for Denv Up — GO_CC
[2026-06-13 19:37:32]     Bar plot → barplot_DENV_up_KEGG
[2026-06-13 19:37:33]     Bar plot → barplot_DENV_up_Reactome
[2026-06-13 19:37:33]     Bar plot → barplot_DENV_up_Hallmarks
[2026-06-13 19:37:33]     Bar plot → barplot_DENV_down_GO_BP
[2026-06-13 19:37:33]     ! No significant terms for Denv Down — GO_MF
[2026-06-13 19:37:33]     Bar plot → barplot_DENV_down_GO_CC
[2026-06-13 19:37:33]     Bar plot → barplot_DENV_down_KEGG
[2026-06-13 19:37:33]     Bar plot → barplot_DENV_down_Reactome
[2026-06-13 19:37:33]     Bar plot → barplot_DENV_down_Hallmarks
[2026-06-13 19:37:34]     Bar plot → barplot_ZIKV_up_GO_BP
[2026-06-13 19:37:34]     Bar plot → barplot_ZIKV_up_GO_MF
[2026-06-13 19:37:34]     ! No significant terms for Zikv Up — GO_CC
[2026-06-13 19:37:34]     Bar plot → barplot_ZIKV_up_KEGG
[2026-06-13 19:37:34]     ! No significant terms for Zikv Up — Reactome
[2026-06-13 19:37:34]     Bar plot → barplot_ZIKV_up_Hallmarks
[2026-06-13 19:37:35]     Bar plot → barplot_ZIKV_down_GO_BP
[2026-06-13 19:37:35]     Bar plot → barplot_ZIKV_down_GO_MF
[2026-06-13 19:37:35]     ! No significant terms for Zikv Down — GO_CC
[2026-06-13 19:37:35]     Bar plot → barplot_ZIKV_down_KEGG
[2026-06-13 19:37:35]     Bar plot → barplot_ZIKV_down_Reactome
[2026-06-13 19:37:35]     ! No significant terms for Zikv Down — Hallmarks
[2026-06-13 19:37:35]     Bar plot → barplot_shared_up_GO_BP
[2026-06-13 19:37:35]     Bar plot → barplot_shared_up_GO_MF
[2026-06-13 19:37:35]     ! No significant terms for Shared Up — GO_CC
[2026-06-13 19:37:36]     Bar plot → barplot_shared_up_KEGG
[2026-06-13 19:37:36]     Bar plot → barplot_shared_up_Reactome
[2026-06-13 19:37:36]     Bar plot → barplot_shared_up_Hallmarks
[2026-06-13 19:37:36] 
── C: Comparison dot plots (DENV_up vs ZIKV_up) ────────────────
[2026-06-13 19:37:36]     Comparison dot plot → Figure_Enrichment_Comparison_GO_BP
[2026-06-13 19:37:37]     Comparison dot plot → Figure_Enrichment_Comparison_GO_MF
[2026-06-13 19:37:37]     Comparison dot plot → Figure_Enrichment_Comparison_KEGG
[2026-06-13 19:37:37]     Comparison dot plot → Figure_Enrichment_Comparison_Reactome
[2026-06-13 19:37:37]     Comparison dot plot → Figure_Enrichment_Comparison_Hallmarks
[2026-06-13 19:37:37] 
── D: MSigDB Hallmarks dot plots ───────────────────────────────
[2026-06-13 19:37:38]     Hallmarks dot plot → Figure_Hallmarks_DENV_up
[2026-06-13 19:37:38]     Hallmarks dot plot → Figure_Hallmarks_ZIKV_up
[2026-06-13 19:37:38]     Hallmarks dot plot → Figure_Hallmarks_shared_up
[2026-06-13 19:37:38] 
── E: Shared gene enrichment summary ───────────────────────────
[2026-06-13 19:37:38]   Libraries with significant hits (FDR<0.05):
[2026-06-13 19:37:38]     GO_BP: 66 significant terms
[2026-06-13 19:37:38]       • Cellular Response To Chemokine (GO:1990869)
[2026-06-13 19:37:38]       • Negative Regulation Of Cell Adhesion (GO:0007162)
[2026-06-13 19:37:38]       • Negative Regulation Of Cellular Process (GO:0048523)
[2026-06-13 19:37:38]     GO_MF: 12 significant terms
[2026-06-13 19:37:38]       • Cytokine Activity (GO:0005125)
[2026-06-13 19:37:38]       • Chemokine Activity (GO:0008009)
[2026-06-13 19:37:38]       • Chemokine Receptor Binding (GO:0042379)
[2026-06-13 19:37:38]     GO_CC: 0 significant terms
[2026-06-13 19:37:38]     KEGG: 5 significant terms
[2026-06-13 19:37:38]       • NF-kappa B signaling pathway
[2026-06-13 19:37:38]       • Cytokine-cytokine receptor interaction
[2026-06-13 19:37:38]       • Viral protein interaction with cytokine and cytokine receptor
[2026-06-13 19:37:38]     Reactome: 2 significant terms
[2026-06-13 19:37:38]       • Interleukin-10 Signaling
[2026-06-13 19:37:38]       • Chemokine Receptors Bind Chemokines
[2026-06-13 19:37:38]     Hallmarks: 3 significant terms
[2026-06-13 19:37:38]       • TNF-alpha Signaling via NF-kB
[2026-06-13 19:37:38]       • IL-6/JAK/STAT3 Signaling
[2026-06-13 19:37:38]       • KRAS Signaling Up
[2026-06-13 19:37:38] 
── F: Building cross-library summary ───────────────────────────
[2026-06-13 19:37:38]   Summary table → enrichment_summary.csv
[2026-06-13 19:37:38] 
============================================================
[2026-06-13 19:37:38] STEP 05 COMPLETE
[2026-06-13 19:37:38]   Enrichment results : /home/preonath/Desktop/Preonath_Project/Zika_Dengue/03_results/phase4_pathways
[2026-06-13 19:37:38]   Main figures       : /home/preonath/Desktop/Preonath_Project/Zika_Dengue/04_figures/main
[2026-06-13 19:37:38]   Supplementary figs : /home/preonath/Desktop/Preonath_Project/Zika_Dengue/04_figures/supplementary
[2026-06-13 19:37:38]   Summary table      : enrichment_summary.csv
[2026-06-13 19:37:38] 
Next: run step06_network_analysis.py  (or review results)
[2026-06-13 19:37:38] ============================================================
[2026-06-19 14:07:45] ============================================================
[2026-06-19 14:07:45] Step 05: Pathway Enrichment Analysis (Enrichr)
[2026-06-19 14:07:45] ============================================================
[2026-06-19 14:07:45] DENV annotated DEGs  : 527
[2026-06-19 14:07:45] ZIKV annotated DEGs  : 176
[2026-06-19 14:07:45] Shared upregulated   : 15
[2026-06-19 14:07:45] 
Gene list sizes:
[2026-06-19 14:07:45]   DENV up=282  dn=216  all=498
[2026-06-19 14:07:45]   ZIKV up=64  dn=106  all=170
[2026-06-19 14:07:45]   Shared up=15
[2026-06-19 14:07:45] 
── A: Running Enrichr ──────────────────────────────────────────
[2026-06-19 14:07:45]   ✓ DENV_up enrichment cached
[2026-06-19 14:07:45]   ✓ DENV_down enrichment cached
[2026-06-19 14:07:45]   ✓ ZIKV_up enrichment cached
[2026-06-19 14:07:45]   ✓ ZIKV_down enrichment cached
[2026-06-19 14:07:45]   ✓ shared_up enrichment cached
[2026-06-19 14:07:45] 
── B: Bar plots ────────────────────────────────────────────────
[2026-06-19 14:07:45]     Bar plot → barplot_DENV_up_GO_BP
[2026-06-19 14:07:45]     ! No significant terms for Denv Up — GO_MF
[2026-06-19 14:07:45]     ! No significant terms for Denv Up — GO_CC
[2026-06-19 14:07:45]     Bar plot → barplot_DENV_up_KEGG
[2026-06-19 14:07:46]     Bar plot → barplot_DENV_up_Reactome
[2026-06-19 14:07:46]     Bar plot → barplot_DENV_up_Hallmarks
[2026-06-19 14:07:46]     Bar plot → barplot_DENV_down_GO_BP
[2026-06-19 14:07:46]     ! No significant terms for Denv Down — GO_MF
[2026-06-19 14:07:46]     Bar plot → barplot_DENV_down_GO_CC
[2026-06-19 14:07:46]     Bar plot → barplot_DENV_down_KEGG
[2026-06-19 14:07:46]     Bar plot → barplot_DENV_down_Reactome
[2026-06-19 14:07:46]     Bar plot → barplot_DENV_down_Hallmarks
[2026-06-19 14:07:47]     Bar plot → barplot_ZIKV_up_GO_BP
[2026-06-19 14:07:47]     Bar plot → barplot_ZIKV_up_GO_MF
[2026-06-19 14:07:47]     ! No significant terms for Zikv Up — GO_CC
[2026-06-19 14:07:47]     Bar plot → barplot_ZIKV_up_KEGG
[2026-06-19 14:07:47]     ! No significant terms for Zikv Up — Reactome
[2026-06-19 14:07:47]     Bar plot → barplot_ZIKV_up_Hallmarks
[2026-06-19 14:07:48]     Bar plot → barplot_ZIKV_down_GO_BP
[2026-06-19 14:07:48]     Bar plot → barplot_ZIKV_down_GO_MF
[2026-06-19 14:07:48]     ! No significant terms for Zikv Down — GO_CC
[2026-06-19 14:07:48]     Bar plot → barplot_ZIKV_down_KEGG
[2026-06-19 14:07:48]     Bar plot → barplot_ZIKV_down_Reactome
[2026-06-19 14:07:48]     ! No significant terms for Zikv Down — Hallmarks
[2026-06-19 14:07:48]     Bar plot → barplot_shared_up_GO_BP
[2026-06-19 14:07:48]     Bar plot → barplot_shared_up_GO_MF
[2026-06-19 14:07:48]     ! No significant terms for Shared Up — GO_CC
[2026-06-19 14:07:49]     Bar plot → barplot_shared_up_KEGG
[2026-06-19 14:07:49]     Bar plot → barplot_shared_up_Reactome
[2026-06-19 14:07:49]     Bar plot → barplot_shared_up_Hallmarks
[2026-06-19 14:07:49] 
── C: Comparison dot plots (DENV_up vs ZIKV_up) ────────────────
[2026-06-19 14:07:49]   ✓ Comparison plots cached
[2026-06-19 14:07:49] 
── D: MSigDB Hallmarks dot plots ───────────────────────────────
[2026-06-19 14:07:49]   ✓ Hallmarks plots cached
[2026-06-19 14:07:49] 
── E: Shared gene enrichment summary ───────────────────────────
[2026-06-19 14:07:49]   Libraries with significant hits (FDR<0.05):
[2026-06-19 14:07:49]     GO_BP: 66 significant terms
[2026-06-19 14:07:49]       • Cellular Response To Chemokine (GO:1990869)
[2026-06-19 14:07:49]       • Negative Regulation Of Cell Adhesion (GO:0007162)
[2026-06-19 14:07:49]       • Negative Regulation Of Cellular Process (GO:0048523)
[2026-06-19 14:07:49]     GO_MF: 12 significant terms
[2026-06-19 14:07:49]       • Cytokine Activity (GO:0005125)
[2026-06-19 14:07:49]       • Chemokine Activity (GO:0008009)
[2026-06-19 14:07:49]       • Chemokine Receptor Binding (GO:0042379)
[2026-06-19 14:07:49]     GO_CC: 0 significant terms
[2026-06-19 14:07:49]     KEGG: 5 significant terms
[2026-06-19 14:07:49]       • NF-kappa B signaling pathway
[2026-06-19 14:07:49]       • Cytokine-cytokine receptor interaction
[2026-06-19 14:07:49]       • Viral protein interaction with cytokine and cytokine receptor
[2026-06-19 14:07:49]     Reactome: 2 significant terms
[2026-06-19 14:07:49]       • Interleukin-10 Signaling
[2026-06-19 14:07:49]       • Chemokine Receptors Bind Chemokines
[2026-06-19 14:07:49]     Hallmarks: 3 significant terms
[2026-06-19 14:07:49]       • TNF-alpha Signaling via NF-kB
[2026-06-19 14:07:49]       • IL-6/JAK/STAT3 Signaling
[2026-06-19 14:07:49]       • KRAS Signaling Up
[2026-06-19 14:07:49] 
── F: Building cross-library summary ───────────────────────────
[2026-06-19 14:07:49]   Summary table → enrichment_summary.csv
[2026-06-19 14:07:49] 
============================================================
[2026-06-19 14:07:49] STEP 05 COMPLETE
[2026-06-19 14:07:49]   Enrichment results : /home/preonath/Desktop/Preonath_Project/Zika_Dengue/03_results/phase4_pathways
[2026-06-19 14:07:49]   Main figures       : /home/preonath/Desktop/Preonath_Project/Zika_Dengue/04_figures/main
[2026-06-19 14:07:49]   Supplementary figs : /home/preonath/Desktop/Preonath_Project/Zika_Dengue/04_figures/supplementary
[2026-06-19 14:07:49]   Summary table      : enrichment_summary.csv
[2026-06-19 14:07:49] 
Next: run step06_network_analysis.py  (or review results)
[2026-06-19 14:07:49] ============================================================
[2026-06-19 14:07:49] ============================================================
[2026-06-19 14:07:49] Step 05: Pathway Enrichment Analysis (Enrichr)
[2026-06-19 14:07:49] ============================================================
[2026-06-19 14:07:49] DENV annotated DEGs  : 527
[2026-06-19 14:07:49] ZIKV annotated DEGs  : 176
[2026-06-19 14:07:49] Shared upregulated   : 15
[2026-06-19 14:07:49] 
Gene list sizes:
[2026-06-19 14:07:49]   DENV up=282  dn=216  all=498
[2026-06-19 14:07:49]   ZIKV up=64  dn=106  all=170
[2026-06-19 14:07:49]   Shared up=15
[2026-06-19 14:07:49] 
── A: Running Enrichr ──────────────────────────────────────────
[2026-06-19 14:07:49]   ✓ DENV_up enrichment cached
[2026-06-19 14:07:49]   ✓ DENV_down enrichment cached
[2026-06-19 14:07:49]   ✓ ZIKV_up enrichment cached
[2026-06-19 14:07:49]   ✓ ZIKV_down enrichment cached
[2026-06-19 14:07:49]   ✓ shared_up enrichment cached
[2026-06-19 14:07:49] 
── B: Bar plots ────────────────────────────────────────────────
[2026-06-19 14:07:49]     Bar plot → barplot_DENV_up_GO_BP
[2026-06-19 14:07:49]     ! No significant terms for Denv Up — GO_MF
[2026-06-19 14:07:49]     ! No significant terms for Denv Up — GO_CC
[2026-06-19 14:07:49]     Bar plot → barplot_DENV_up_KEGG
[2026-06-19 14:07:49]     Bar plot → barplot_DENV_up_Reactome
[2026-06-19 14:07:50]     Bar plot → barplot_DENV_up_Hallmarks
[2026-06-19 14:07:50]     Bar plot → barplot_DENV_down_GO_BP
[2026-06-19 14:07:50]     ! No significant terms for Denv Down — GO_MF
[2026-06-19 14:07:50]     Bar plot → barplot_DENV_down_GO_CC
[2026-06-19 14:07:50]     Bar plot → barplot_DENV_down_KEGG
[2026-06-19 14:07:50]     Bar plot → barplot_DENV_down_Reactome
[2026-06-19 14:07:50]     Bar plot → barplot_DENV_down_Hallmarks
[2026-06-19 14:07:51]     Bar plot → barplot_ZIKV_up_GO_BP
[2026-06-19 14:07:51]     Bar plot → barplot_ZIKV_up_GO_MF
[2026-06-19 14:07:51]     ! No significant terms for Zikv Up — GO_CC
[2026-06-19 14:07:51]     Bar plot → barplot_ZIKV_up_KEGG
[2026-06-19 14:07:51]     ! No significant terms for Zikv Up — Reactome
[2026-06-19 14:07:51]     Bar plot → barplot_ZIKV_up_Hallmarks
[2026-06-19 14:07:51]     Bar plot → barplot_ZIKV_down_GO_BP
[2026-06-19 14:07:51]     Bar plot → barplot_ZIKV_down_GO_MF
[2026-06-19 14:07:51]     ! No significant terms for Zikv Down — GO_CC
[2026-06-19 14:07:52]     Bar plot → barplot_ZIKV_down_KEGG
[2026-06-19 14:07:52]     Bar plot → barplot_ZIKV_down_Reactome
[2026-06-19 14:07:52]     ! No significant terms for Zikv Down — Hallmarks
[2026-06-19 14:07:52]     Bar plot → barplot_shared_up_GO_BP
[2026-06-19 14:07:52]     Bar plot → barplot_shared_up_GO_MF
[2026-06-19 14:07:52]     ! No significant terms for Shared Up — GO_CC
[2026-06-19 14:07:52]     Bar plot → barplot_shared_up_KEGG
[2026-06-19 14:07:53]     Bar plot → barplot_shared_up_Reactome
[2026-06-19 14:07:53]     Bar plot → barplot_shared_up_Hallmarks
[2026-06-19 14:07:53] 
── C: Comparison dot plots (DENV_up vs ZIKV_up) ────────────────
[2026-06-19 14:07:53]   ✓ Comparison plots cached
[2026-06-19 14:07:53] 
── D: MSigDB Hallmarks dot plots ───────────────────────────────
[2026-06-19 14:07:53]   ✓ Hallmarks plots cached
[2026-06-19 14:07:53] 
── E: Shared gene enrichment summary ───────────────────────────
[2026-06-19 14:07:53]   Libraries with significant hits (FDR<0.05):
[2026-06-19 14:07:53]     GO_BP: 66 significant terms
[2026-06-19 14:07:53]       • Cellular Response To Chemokine (GO:1990869)
[2026-06-19 14:07:53]       • Negative Regulation Of Cell Adhesion (GO:0007162)
[2026-06-19 14:07:53]       • Negative Regulation Of Cellular Process (GO:0048523)
[2026-06-19 14:07:53]     GO_MF: 12 significant terms
[2026-06-19 14:07:53]       • Cytokine Activity (GO:0005125)
[2026-06-19 14:07:53]       • Chemokine Activity (GO:0008009)
[2026-06-19 14:07:53]       • Chemokine Receptor Binding (GO:0042379)
[2026-06-19 14:07:53]     GO_CC: 0 significant terms
[2026-06-19 14:07:53]     KEGG: 5 significant terms
[2026-06-19 14:07:53]       • NF-kappa B signaling pathway
[2026-06-19 14:07:53]       • Cytokine-cytokine receptor interaction
[2026-06-19 14:07:53]       • Viral protein interaction with cytokine and cytokine receptor
[2026-06-19 14:07:53]     Reactome: 2 significant terms
[2026-06-19 14:07:53]       • Interleukin-10 Signaling
[2026-06-19 14:07:53]       • Chemokine Receptors Bind Chemokines
[2026-06-19 14:07:53]     Hallmarks: 3 significant terms
[2026-06-19 14:07:53]       • TNF-alpha Signaling via NF-kB
[2026-06-19 14:07:53]       • IL-6/JAK/STAT3 Signaling
[2026-06-19 14:07:53]       • KRAS Signaling Up
[2026-06-19 14:07:53] 
── F: Building cross-library summary ───────────────────────────
[2026-06-19 14:07:53]   Summary table → enrichment_summary.csv
[2026-06-19 14:07:53] 
============================================================
[2026-06-19 14:07:53] STEP 05 COMPLETE
[2026-06-19 14:07:53]   Enrichment results : /home/preonath/Desktop/Preonath_Project/Zika_Dengue/03_results/phase4_pathways
[2026-06-19 14:07:53]   Main figures       : /home/preonath/Desktop/Preonath_Project/Zika_Dengue/04_figures/main
[2026-06-19 14:07:53]   Supplementary figs : /home/preonath/Desktop/Preonath_Project/Zika_Dengue/04_figures/supplementary
[2026-06-19 14:07:53]   Summary table      : enrichment_summary.csv
[2026-06-19 14:07:53] 
Next: run step06_network_analysis.py  (or review results)
[2026-06-19 14:07:53] ============================================================
